The system is: Linux - 4.15.0-112-generic - x86_64
Compiling the C compiler identification source file "CMakeCCompilerId.c" succeeded.
Compiler: /usr/bin/cc 
Build flags: 
Id flags: 

The output was:
0


Compilation of the C compiler identification source "CMakeCCompilerId.c" produced "a.out"

The C compiler identification is GNU, found in "/home/cch/work/bigbang/core/BigBang-fork-create-test/build/CMakeFiles/3.5.1/CompilerIdC/a.out"

Compiling the CXX compiler identification source file "CMakeCXXCompilerId.cpp" succeeded.
Compiler: /usr/bin/c++ 
Build flags: 
Id flags: 

The output was:
0


Compilation of the CXX compiler identification source "CMakeCXXCompilerId.cpp" produced "a.out"

The CXX compiler identification is GNU, found in "/home/cch/work/bigbang/core/BigBang-fork-create-test/build/CMakeFiles/3.5.1/CompilerIdCXX/a.out"

Determining if the C compiler works passed with the following output:
Change Dir: /home/cch/work/bigbang/core/BigBang-fork-create-test/build/CMakeFiles/CMakeTmp

Run Build Command:"/usr/bin/make" "cmTC_424a7/fast"
/usr/bin/make -f CMakeFiles/cmTC_424a7.dir/build.make CMakeFiles/cmTC_424a7.dir/build
make[1]: Entering directory '/home/cch/work/bigbang/core/BigBang-fork-create-test/build/CMakeFiles/CMakeTmp'
Building C object CMakeFiles/cmTC_424a7.dir/testCCompiler.c.o
/usr/bin/cc     -o CMakeFiles/cmTC_424a7.dir/testCCompiler.c.o   -c /home/cch/work/bigbang/core/BigBang-fork-create-test/build/CMakeFiles/CMakeTmp/testCCompiler.c
Linking C executable cmTC_424a7
/usr/bin/cmake -E cmake_link_script CMakeFiles/cmTC_424a7.dir/link.txt --verbose=1
/usr/bin/cc       CMakeFiles/cmTC_424a7.dir/testCCompiler.c.o  -o cmTC_424a7 
make[1]: Leaving directory '/home/cch/work/bigbang/core/BigBang-fork-create-test/build/CMakeFiles/CMakeTmp'


Detecting C compiler ABI info compiled with the following output:
Change Dir: /home/cch/work/bigbang/core/BigBang-fork-create-test/build/CMakeFiles/CMakeTmp

Run Build Command:"/usr/bin/make" "cmTC_3f992/fast"
/usr/bin/make -f CMakeFiles/cmTC_3f992.dir/build.make CMakeFiles/cmTC_3f992.dir/build
make[1]: Entering directory '/home/cch/work/bigbang/core/BigBang-fork-create-test/build/CMakeFiles/CMakeTmp'
Building C object CMakeFiles/cmTC_3f992.dir/CMakeCCompilerABI.c.o
/usr/bin/cc     -o CMakeFiles/cmTC_3f992.dir/CMakeCCompilerABI.c.o   -c /usr/share/cmake-3.5/Modules/CMakeCCompilerABI.c
Linking C executable cmTC_3f992
/usr/bin/cmake -E cmake_link_script CMakeFiles/cmTC_3f992.dir/link.txt --verbose=1
/usr/bin/cc      -v CMakeFiles/cmTC_3f992.dir/CMakeCCompilerABI.c.o  -o cmTC_3f992  
Using built-in specs.
COLLECT_GCC=/usr/bin/cc
COLLECT_LTO_WRAPPER=/usr/lib/gcc/x86_64-linux-gnu/5/lto-wrapper
Target: x86_64-linux-gnu
Configured with: ../src/configure -v --with-pkgversion='Ubuntu 5.4.0-6ubuntu1~16.04.12' --with-bugurl=file:///usr/share/doc/gcc-5/README.Bugs --enable-languages=c,ada,c++,java,go,d,fortran,objc,obj-c++ --prefix=/usr --program-suffix=-5 --enable-shared --enable-linker-build-id --libexecdir=/usr/lib --without-included-gettext --enable-threads=posix --libdir=/usr/lib --enable-nls --with-sysroot=/ --enable-clocale=gnu --enable-libstdcxx-debug --enable-libstdcxx-time=yes --with-default-libstdcxx-abi=new --enable-gnu-unique-object --disable-vtable-verify --enable-libmpx --enable-plugin --with-system-zlib --disable-browser-plugin --enable-java-awt=gtk --enable-gtk-cairo --with-java-home=/usr/lib/jvm/java-1.5.0-gcj-5-amd64/jre --enable-java-home --with-jvm-root-dir=/usr/lib/jvm/java-1.5.0-gcj-5-amd64 --with-jvm-jar-dir=/usr/lib/jvm-exports/java-1.5.0-gcj-5-amd64 --with-arch-directory=amd64 --with-ecj-jar=/usr/share/java/eclipse-ecj.jar --enable-objc-gc --enable-multiarch --disable-werror --with-arch-32=i686 --with-abi=m64 --with-multilib-list=m32,m64,mx32 --enable-multilib --with-tune=generic --enable-checking=release --build=x86_64-linux-gnu --host=x86_64-linux-gnu --target=x86_64-linux-gnu
Thread model: posix
gcc version 5.4.0 20160609 (Ubuntu 5.4.0-6ubuntu1~16.04.12) 
COMPILER_PATH=/usr/lib/gcc/x86_64-linux-gnu/5/:/usr/lib/gcc/x86_64-linux-gnu/5/:/usr/lib/gcc/x86_64-linux-gnu/:/usr/lib/gcc/x86_64-linux-gnu/5/:/usr/lib/gcc/x86_64-linux-gnu/
LIBRARY_PATH=/usr/lib/gcc/x86_64-linux-gnu/5/:/usr/lib/gcc/x86_64-linux-gnu/5/../../../x86_64-linux-gnu/:/usr/lib/gcc/x86_64-linux-gnu/5/../../../../lib/:/lib/x86_64-linux-gnu/:/lib/../lib/:/usr/lib/x86_64-linux-gnu/:/usr/lib/../lib/:/usr/lib/gcc/x86_64-linux-gnu/5/../../../:/lib/:/usr/lib/
COLLECT_GCC_OPTIONS='-v' '-o' 'cmTC_3f992' '-mtune=generic' '-march=x86-64'
 /usr/lib/gcc/x86_64-linux-gnu/5/collect2 -plugin /usr/lib/gcc/x86_64-linux-gnu/5/liblto_plugin.so -plugin-opt=/usr/lib/gcc/x86_64-linux-gnu/5/lto-wrapper -plugin-opt=-fresolution=/tmp/ccWbgUx5.res -plugin-opt=-pass-through=-lgcc -plugin-opt=-pass-through=-lgcc_s -plugin-opt=-pass-through=-lc -plugin-opt=-pass-through=-lgcc -plugin-opt=-pass-through=-lgcc_s --sysroot=/ --build-id --eh-frame-hdr -m elf_x86_64 --hash-style=gnu --as-needed -dynamic-linker /lib64/ld-linux-x86-64.so.2 -z relro -o cmTC_3f992 /usr/lib/gcc/x86_64-linux-gnu/5/../../../x86_64-linux-gnu/crt1.o /usr/lib/gcc/x86_64-linux-gnu/5/../../../x86_64-linux-gnu/crti.o /usr/lib/gcc/x86_64-linux-gnu/5/crtbegin.o -L/usr/lib/gcc/x86_64-linux-gnu/5 -L/usr/lib/gcc/x86_64-linux-gnu/5/../../../x86_64-linux-gnu -L/usr/lib/gcc/x86_64-linux-gnu/5/../../../../lib -L/lib/x86_64-linux-gnu -L/lib/../lib -L/usr/lib/x86_64-linux-gnu -L/usr/lib/../lib -L/usr/lib/gcc/x86_64-linux-gnu/5/../../.. CMakeFiles/cmTC_3f992.dir/CMakeCCompilerABI.c.o -lgcc --as-needed -lgcc_s --no-as-needed -lc -lgcc --as-needed -lgcc_s --no-as-needed /usr/lib/gcc/x86_64-linux-gnu/5/crtend.o /usr/lib/gcc/x86_64-linux-gnu/5/../../../x86_64-linux-gnu/crtn.o
make[1]: Leaving directory '/home/cch/work/bigbang/core/BigBang-fork-create-test/build/CMakeFiles/CMakeTmp'


Parsed C implicit link information from above output:
  link line regex: [^( *|.*[/\])(ld|([^/\]+-)?ld|collect2)[^/\]*( |$)]
  ignore line: [Change Dir: /home/cch/work/bigbang/core/BigBang-fork-create-test/build/CMakeFiles/CMakeTmp]
  ignore line: []
  ignore line: [Run Build Command:"/usr/bin/make" "cmTC_3f992/fast"]
  ignore line: [/usr/bin/make -f CMakeFiles/cmTC_3f992.dir/build.make CMakeFiles/cmTC_3f992.dir/build]
  ignore line: [make[1]: Entering directory '/home/cch/work/bigbang/core/BigBang-fork-create-test/build/CMakeFiles/CMakeTmp']
  ignore line: [Building C object CMakeFiles/cmTC_3f992.dir/CMakeCCompilerABI.c.o]
  ignore line: [/usr/bin/cc     -o CMakeFiles/cmTC_3f992.dir/CMakeCCompilerABI.c.o   -c /usr/share/cmake-3.5/Modules/CMakeCCompilerABI.c]
  ignore line: [Linking C executable cmTC_3f992]
  ignore line: [/usr/bin/cmake -E cmake_link_script CMakeFiles/cmTC_3f992.dir/link.txt --verbose=1]
  ignore line: [/usr/bin/cc      -v CMakeFiles/cmTC_3f992.dir/CMakeCCompilerABI.c.o  -o cmTC_3f992  ]
  ignore line: [Using built-in specs.]
  ignore line: [COLLECT_GCC=/usr/bin/cc]
  ignore line: [COLLECT_LTO_WRAPPER=/usr/lib/gcc/x86_64-linux-gnu/5/lto-wrapper]
  ignore line: [Target: x86_64-linux-gnu]
  ignore line: [Configured with: ../src/configure -v --with-pkgversion='Ubuntu 5.4.0-6ubuntu1~16.04.12' --with-bugurl=file:///usr/share/doc/gcc-5/README.Bugs --enable-languages=c,ada,c++,java,go,d,fortran,objc,obj-c++ --prefix=/usr --program-suffix=-5 --enable-shared --enable-linker-build-id --libexecdir=/usr/lib --without-included-gettext --enable-threads=posix --libdir=/usr/lib --enable-nls --with-sysroot=/ --enable-clocale=gnu --enable-libstdcxx-debug --enable-libstdcxx-time=yes --with-default-libstdcxx-abi=new --enable-gnu-unique-object --disable-vtable-verify --enable-libmpx --enable-plugin --with-system-zlib --disable-browser-plugin --enable-java-awt=gtk --enable-gtk-cairo --with-java-home=/usr/lib/jvm/java-1.5.0-gcj-5-amd64/jre --enable-java-home --with-jvm-root-dir=/usr/lib/jvm/java-1.5.0-gcj-5-amd64 --with-jvm-jar-dir=/usr/lib/jvm-exports/java-1.5.0-gcj-5-amd64 --with-arch-directory=amd64 --with-ecj-jar=/usr/share/java/eclipse-ecj.jar --enable-objc-gc --enable-multiarch --disable-werror --with-arch-32=i686 --with-abi=m64 --with-multilib-list=m32,m64,mx32 --enable-multilib --with-tune=generic --enable-checking=release --build=x86_64-linux-gnu --host=x86_64-linux-gnu --target=x86_64-linux-gnu]
  ignore line: [Thread model: posix]
  ignore line: [gcc version 5.4.0 20160609 (Ubuntu 5.4.0-6ubuntu1~16.04.12) ]
  ignore line: [COMPILER_PATH=/usr/lib/gcc/x86_64-linux-gnu/5/:/usr/lib/gcc/x86_64-linux-gnu/5/:/usr/lib/gcc/x86_64-linux-gnu/:/usr/lib/gcc/x86_64-linux-gnu/5/:/usr/lib/gcc/x86_64-linux-gnu/]
  ignore line: [LIBRARY_PATH=/usr/lib/gcc/x86_64-linux-gnu/5/:/usr/lib/gcc/x86_64-linux-gnu/5/../../../x86_64-linux-gnu/:/usr/lib/gcc/x86_64-linux-gnu/5/../../../../lib/:/lib/x86_64-linux-gnu/:/lib/../lib/:/usr/lib/x86_64-linux-gnu/:/usr/lib/../lib/:/usr/lib/gcc/x86_64-linux-gnu/5/../../../:/lib/:/usr/lib/]
  ignore line: [COLLECT_GCC_OPTIONS='-v' '-o' 'cmTC_3f992' '-mtune=generic' '-march=x86-64']
  link line: [ /usr/lib/gcc/x86_64-linux-gnu/5/collect2 -plugin /usr/lib/gcc/x86_64-linux-gnu/5/liblto_plugin.so -plugin-opt=/usr/lib/gcc/x86_64-linux-gnu/5/lto-wrapper -plugin-opt=-fresolution=/tmp/ccWbgUx5.res -plugin-opt=-pass-through=-lgcc -plugin-opt=-pass-through=-lgcc_s -plugin-opt=-pass-through=-lc -plugin-opt=-pass-through=-lgcc -plugin-opt=-pass-through=-lgcc_s --sysroot=/ --build-id --eh-frame-hdr -m elf_x86_64 --hash-style=gnu --as-needed -dynamic-linker /lib64/ld-linux-x86-64.so.2 -z relro -o cmTC_3f992 /usr/lib/gcc/x86_64-linux-gnu/5/../../../x86_64-linux-gnu/crt1.o /usr/lib/gcc/x86_64-linux-gnu/5/../../../x86_64-linux-gnu/crti.o /usr/lib/gcc/x86_64-linux-gnu/5/crtbegin.o -L/usr/lib/gcc/x86_64-linux-gnu/5 -L/usr/lib/gcc/x86_64-linux-gnu/5/../../../x86_64-linux-gnu -L/usr/lib/gcc/x86_64-linux-gnu/5/../../../../lib -L/lib/x86_64-linux-gnu -L/lib/../lib -L/usr/lib/x86_64-linux-gnu -L/usr/lib/../lib -L/usr/lib/gcc/x86_64-linux-gnu/5/../../.. CMakeFiles/cmTC_3f992.dir/CMakeCCompilerABI.c.o -lgcc --as-needed -lgcc_s --no-as-needed -lc -lgcc --as-needed -lgcc_s --no-as-needed /usr/lib/gcc/x86_64-linux-gnu/5/crtend.o /usr/lib/gcc/x86_64-linux-gnu/5/../../../x86_64-linux-gnu/crtn.o]
    arg [/usr/lib/gcc/x86_64-linux-gnu/5/collect2] ==> ignore
    arg [-plugin] ==> ignore
    arg [/usr/lib/gcc/x86_64-linux-gnu/5/liblto_plugin.so] ==> ignore
    arg [-plugin-opt=/usr/lib/gcc/x86_64-linux-gnu/5/lto-wrapper] ==> ignore
    arg [-plugin-opt=-fresolution=/tmp/ccWbgUx5.res] ==> ignore
    arg [-plugin-opt=-pass-through=-lgcc] ==> ignore
    arg [-plugin-opt=-pass-through=-lgcc_s] ==> ignore
    arg [-plugin-opt=-pass-through=-lc] ==> ignore
    arg [-plugin-opt=-pass-through=-lgcc] ==> ignore
    arg [-plugin-opt=-pass-through=-lgcc_s] ==> ignore
    arg [--sysroot=/] ==> ignore
    arg [--build-id] ==> ignore
    arg [--eh-frame-hdr] ==> ignore
    arg [-m] ==> ignore
    arg [elf_x86_64] ==> ignore
    arg [--hash-style=gnu] ==> ignore
    arg [--as-needed] ==> ignore
    arg [-dynamic-linker] ==> ignore
    arg [/lib64/ld-linux-x86-64.so.2] ==> ignore
    arg [-zrelro] ==> ignore
    arg [-o] ==> ignore
    arg [cmTC_3f992] ==> ignore
    arg [/usr/lib/gcc/x86_64-linux-gnu/5/../../../x86_64-linux-gnu/crt1.o] ==> ignore
    arg [/usr/lib/gcc/x86_64-linux-gnu/5/../../../x86_64-linux-gnu/crti.o] ==> ignore
    arg [/usr/lib/gcc/x86_64-linux-gnu/5/crtbegin.o] ==> ignore
    arg [-L/usr/lib/gcc/x86_64-linux-gnu/5] ==> dir [/usr/lib/gcc/x86_64-linux-gnu/5]
    arg [-L/usr/lib/gcc/x86_64-linux-gnu/5/../../../x86_64-linux-gnu] ==> dir [/usr/lib/gcc/x86_64-linux-gnu/5/../../../x86_64-linux-gnu]
    arg [-L/usr/lib/gcc/x86_64-linux-gnu/5/../../../../lib] ==> dir [/usr/lib/gcc/x86_64-linux-gnu/5/../../../../lib]
    arg [-L/lib/x86_64-linux-gnu] ==> dir [/lib/x86_64-linux-gnu]
    arg [-L/lib/../lib] ==> dir [/lib/../lib]
    arg [-L/usr/lib/x86_64-linux-gnu] ==> dir [/usr/lib/x86_64-linux-gnu]
    arg [-L/usr/lib/../lib] ==> dir [/usr/lib/../lib]
    arg [-L/usr/lib/gcc/x86_64-linux-gnu/5/../../..] ==> dir [/usr/lib/gcc/x86_64-linux-gnu/5/../../..]
    arg [CMakeFiles/cmTC_3f992.dir/CMakeCCompilerABI.c.o] ==> ignore
    arg [-lgcc] ==> lib [gcc]
    arg [--as-needed] ==> ignore
    arg [-lgcc_s] ==> lib [gcc_s]
    arg [--no-as-needed] ==> ignore
    arg [-lc] ==> lib [c]
    arg [-lgcc] ==> lib [gcc]
    arg [--as-needed] ==> ignore
    arg [-lgcc_s] ==> lib [gcc_s]
    arg [--no-as-needed] ==> ignore
    arg [/usr/lib/gcc/x86_64-linux-gnu/5/crtend.o] ==> ignore
    arg [/usr/lib/gcc/x86_64-linux-gnu/5/../../../x86_64-linux-gnu/crtn.o] ==> ignore
  remove lib [gcc]
  remove lib [gcc_s]
  remove lib [gcc]
  remove lib [gcc_s]
  collapse library dir [/usr/lib/gcc/x86_64-linux-gnu/5] ==> [/usr/lib/gcc/x86_64-linux-gnu/5]
  collapse library dir [/usr/lib/gcc/x86_64-linux-gnu/5/../../../x86_64-linux-gnu] ==> [/usr/lib/x86_64-linux-gnu]
  collapse library dir [/usr/lib/gcc/x86_64-linux-gnu/5/../../../../lib] ==> [/usr/lib]
  collapse library dir [/lib/x86_64-linux-gnu] ==> [/lib/x86_64-linux-gnu]
  collapse library dir [/lib/../lib] ==> [/lib]
  collapse library dir [/usr/lib/x86_64-linux-gnu] ==> [/usr/lib/x86_64-linux-gnu]
  collapse library dir [/usr/lib/../lib] ==> [/usr/lib]
  collapse library dir [/usr/lib/gcc/x86_64-linux-gnu/5/../../..] ==> [/usr/lib]
  implicit libs: [c]
  implicit dirs: [/usr/lib/gcc/x86_64-linux-gnu/5;/usr/lib/x86_64-linux-gnu;/usr/lib;/lib/x86_64-linux-gnu;/lib]
  implicit fwks: []




Detecting C [-std=c11] compiler features compiled with the following output:
Change Dir: /home/cch/work/bigbang/core/BigBang-fork-create-test/build/CMakeFiles/CMakeTmp

Run Build Command:"/usr/bin/make" "cmTC_00937/fast"
/usr/bin/make -f CMakeFiles/cmTC_00937.dir/build.make CMakeFiles/cmTC_00937.dir/build
make[1]: Entering directory '/home/cch/work/bigbang/core/BigBang-fork-create-test/build/CMakeFiles/CMakeTmp'
Building C object CMakeFiles/cmTC_00937.dir/feature_tests.c.o
/usr/bin/cc    -std=c11 -o CMakeFiles/cmTC_00937.dir/feature_tests.c.o   -c /home/cch/work/bigbang/core/BigBang-fork-create-test/build/CMakeFiles/feature_tests.c
Linking C executable cmTC_00937
/usr/bin/cmake -E cmake_link_script CMakeFiles/cmTC_00937.dir/link.txt --verbose=1
/usr/bin/cc       CMakeFiles/cmTC_00937.dir/feature_tests.c.o  -o cmTC_00937 
make[1]: Leaving directory '/home/cch/work/bigbang/core/BigBang-fork-create-test/build/CMakeFiles/CMakeTmp'


    Feature record: C_FEATURE:1c_function_prototypes
    Feature record: C_FEATURE:1c_restrict
    Feature record: C_FEATURE:1c_static_assert
    Feature record: C_FEATURE:1c_variadic_macros


Detecting C [-std=c99] compiler features compiled with the following output:
Change Dir: /home/cch/work/bigbang/core/BigBang-fork-create-test/build/CMakeFiles/CMakeTmp

Run Build Command:"/usr/bin/make" "cmTC_a3ee6/fast"
/usr/bin/make -f CMakeFiles/cmTC_a3ee6.dir/build.make CMakeFiles/cmTC_a3ee6.dir/build
make[1]: Entering directory '/home/cch/work/bigbang/core/BigBang-fork-create-test/build/CMakeFiles/CMakeTmp'
Building C object CMakeFiles/cmTC_a3ee6.dir/feature_tests.c.o
/usr/bin/cc    -std=c99 -o CMakeFiles/cmTC_a3ee6.dir/feature_tests.c.o   -c /home/cch/work/bigbang/core/BigBang-fork-create-test/build/CMakeFiles/feature_tests.c
Linking C executable cmTC_a3ee6
/usr/bin/cmake -E cmake_link_script CMakeFiles/cmTC_a3ee6.dir/link.txt --verbose=1
/usr/bin/cc       CMakeFiles/cmTC_a3ee6.dir/feature_tests.c.o  -o cmTC_a3ee6 
make[1]: Leaving directory '/home/cch/work/bigbang/core/BigBang-fork-create-test/build/CMakeFiles/CMakeTmp'


    Feature record: C_FEATURE:1c_function_prototypes
    Feature record: C_FEATURE:1c_restrict
    Feature record: C_FEATURE:0c_static_assert
    Feature record: C_FEATURE:1c_variadic_macros


Detecting C [-std=c90] compiler features compiled with the following output:
Change Dir: /home/cch/work/bigbang/core/BigBang-fork-create-test/build/CMakeFiles/CMakeTmp

Run Build Command:"/usr/bin/make" "cmTC_f0373/fast"
/usr/bin/make -f CMakeFiles/cmTC_f0373.dir/build.make CMakeFiles/cmTC_f0373.dir/build
make[1]: Entering directory '/home/cch/work/bigbang/core/BigBang-fork-create-test/build/CMakeFiles/CMakeTmp'
Building C object CMakeFiles/cmTC_f0373.dir/feature_tests.c.o
/usr/bin/cc    -std=c90 -o CMakeFiles/cmTC_f0373.dir/feature_tests.c.o   -c /home/cch/work/bigbang/core/BigBang-fork-create-test/build/CMakeFiles/feature_tests.c
Linking C executable cmTC_f0373
/usr/bin/cmake -E cmake_link_script CMakeFiles/cmTC_f0373.dir/link.txt --verbose=1
/usr/bin/cc       CMakeFiles/cmTC_f0373.dir/feature_tests.c.o  -o cmTC_f0373 
make[1]: Leaving directory '/home/cch/work/bigbang/core/BigBang-fork-create-test/build/CMakeFiles/CMakeTmp'


    Feature record: C_FEATURE:1c_function_prototypes
    Feature record: C_FEATURE:0c_restrict
    Feature record: C_FEATURE:0c_static_assert
    Feature record: C_FEATURE:0c_variadic_macros
Determining if the CXX compiler works passed with the following output:
Change Dir: /home/cch/work/bigbang/core/BigBang-fork-create-test/build/CMakeFiles/CMakeTmp

Run Build Command:"/usr/bin/make" "cmTC_0a714/fast"
/usr/bin/make -f CMakeFiles/cmTC_0a714.dir/build.make CMakeFiles/cmTC_0a714.dir/build
make[1]: Entering directory '/home/cch/work/bigbang/core/BigBang-fork-create-test/build/CMakeFiles/CMakeTmp'
Building CXX object CMakeFiles/cmTC_0a714.dir/testCXXCompiler.cxx.o
/usr/bin/c++      -o CMakeFiles/cmTC_0a714.dir/testCXXCompiler.cxx.o -c /home/cch/work/bigbang/core/BigBang-fork-create-test/build/CMakeFiles/CMakeTmp/testCXXCompiler.cxx
Linking CXX executable cmTC_0a714
/usr/bin/cmake -E cmake_link_script CMakeFiles/cmTC_0a714.dir/link.txt --verbose=1
/usr/bin/c++        CMakeFiles/cmTC_0a714.dir/testCXXCompiler.cxx.o  -o cmTC_0a714 
make[1]: Leaving directory '/home/cch/work/bigbang/core/BigBang-fork-create-test/build/CMakeFiles/CMakeTmp'


Detecting CXX compiler ABI info compiled with the following output:
Change Dir: /home/cch/work/bigbang/core/BigBang-fork-create-test/build/CMakeFiles/CMakeTmp

Run Build Command:"/usr/bin/make" "cmTC_4572c/fast"
/usr/bin/make -f CMakeFiles/cmTC_4572c.dir/build.make CMakeFiles/cmTC_4572c.dir/build
make[1]: Entering directory '/home/cch/work/bigbang/core/BigBang-fork-create-test/build/CMakeFiles/CMakeTmp'
Building CXX object CMakeFiles/cmTC_4572c.dir/CMakeCXXCompilerABI.cpp.o
/usr/bin/c++      -o CMakeFiles/cmTC_4572c.dir/CMakeCXXCompilerABI.cpp.o -c /usr/share/cmake-3.5/Modules/CMakeCXXCompilerABI.cpp
Linking CXX executable cmTC_4572c
/usr/bin/cmake -E cmake_link_script CMakeFiles/cmTC_4572c.dir/link.txt --verbose=1
/usr/bin/c++       -v CMakeFiles/cmTC_4572c.dir/CMakeCXXCompilerABI.cpp.o  -o cmTC_4572c  
Using built-in specs.
COLLECT_GCC=/usr/bin/c++
COLLECT_LTO_WRAPPER=/usr/lib/gcc/x86_64-linux-gnu/5/lto-wrapper
Target: x86_64-linux-gnu
Configured with: ../src/configure -v --with-pkgversion='Ubuntu 5.4.0-6ubuntu1~16.04.12' --with-bugurl=file:///usr/share/doc/gcc-5/README.Bugs --enable-languages=c,ada,c++,java,go,d,fortran,objc,obj-c++ --prefix=/usr --program-suffix=-5 --enable-shared --enable-linker-build-id --libexecdir=/usr/lib --without-included-gettext --enable-threads=posix --libdir=/usr/lib --enable-nls --with-sysroot=/ --enable-clocale=gnu --enable-libstdcxx-debug --enable-libstdcxx-time=yes --with-default-libstdcxx-abi=new --enable-gnu-unique-object --disable-vtable-verify --enable-libmpx --enable-plugin --with-system-zlib --disable-browser-plugin --enable-java-awt=gtk --enable-gtk-cairo --with-java-home=/usr/lib/jvm/java-1.5.0-gcj-5-amd64/jre --enable-java-home --with-jvm-root-dir=/usr/lib/jvm/java-1.5.0-gcj-5-amd64 --with-jvm-jar-dir=/usr/lib/jvm-exports/java-1.5.0-gcj-5-amd64 --with-arch-directory=amd64 --with-ecj-jar=/usr/share/java/eclipse-ecj.jar --enable-objc-gc --enable-multiarch --disable-werror --with-arch-32=i686 --with-abi=m64 --with-multilib-list=m32,m64,mx32 --enable-multilib --with-tune=generic --enable-checking=release --build=x86_64-linux-gnu --host=x86_64-linux-gnu --target=x86_64-linux-gnu
Thread model: posix
gcc version 5.4.0 20160609 (Ubuntu 5.4.0-6ubuntu1~16.04.12) 
COMPILER_PATH=/usr/lib/gcc/x86_64-linux-gnu/5/:/usr/lib/gcc/x86_64-linux-gnu/5/:/usr/lib/gcc/x86_64-linux-gnu/:/usr/lib/gcc/x86_64-linux-gnu/5/:/usr/lib/gcc/x86_64-linux-gnu/
LIBRARY_PATH=/usr/lib/gcc/x86_64-linux-gnu/5/:/usr/lib/gcc/x86_64-linux-gnu/5/../../../x86_64-linux-gnu/:/usr/lib/gcc/x86_64-linux-gnu/5/../../../../lib/:/lib/x86_64-linux-gnu/:/lib/../lib/:/usr/lib/x86_64-linux-gnu/:/usr/lib/../lib/:/usr/lib/gcc/x86_64-linux-gnu/5/../../../:/lib/:/usr/lib/
COLLECT_GCC_OPTIONS='-v' '-o' 'cmTC_4572c' '-shared-libgcc' '-mtune=generic' '-march=x86-64'
 /usr/lib/gcc/x86_64-linux-gnu/5/collect2 -plugin /usr/lib/gcc/x86_64-linux-gnu/5/liblto_plugin.so -plugin-opt=/usr/lib/gcc/x86_64-linux-gnu/5/lto-wrapper -plugin-opt=-fresolution=/tmp/ccpOO6hu.res -plugin-opt=-pass-through=-lgcc_s -plugin-opt=-pass-through=-lgcc -plugin-opt=-pass-through=-lc -plugin-opt=-pass-through=-lgcc_s -plugin-opt=-pass-through=-lgcc --sysroot=/ --build-id --eh-frame-hdr -m elf_x86_64 --hash-style=gnu --as-needed -dynamic-linker /lib64/ld-linux-x86-64.so.2 -z relro -o cmTC_4572c /usr/lib/gcc/x86_64-linux-gnu/5/../../../x86_64-linux-gnu/crt1.o /usr/lib/gcc/x86_64-linux-gnu/5/../../../x86_64-linux-gnu/crti.o /usr/lib/gcc/x86_64-linux-gnu/5/crtbegin.o -L/usr/lib/gcc/x86_64-linux-gnu/5 -L/usr/lib/gcc/x86_64-linux-gnu/5/../../../x86_64-linux-gnu -L/usr/lib/gcc/x86_64-linux-gnu/5/../../../../lib -L/lib/x86_64-linux-gnu -L/lib/../lib -L/usr/lib/x86_64-linux-gnu -L/usr/lib/../lib -L/usr/lib/gcc/x86_64-linux-gnu/5/../../.. CMakeFiles/cmTC_4572c.dir/CMakeCXXCompilerABI.cpp.o -lstdc++ -lm -lgcc_s -lgcc -lc -lgcc_s -lgcc /usr/lib/gcc/x86_64-linux-gnu/5/crtend.o /usr/lib/gcc/x86_64-linux-gnu/5/../../../x86_64-linux-gnu/crtn.o
make[1]: Leaving directory '/home/cch/work/bigbang/core/BigBang-fork-create-test/build/CMakeFiles/CMakeTmp'


Parsed CXX implicit link information from above output:
  link line regex: [^( *|.*[/\])(ld|([^/\]+-)?ld|collect2)[^/\]*( |$)]
  ignore line: [Change Dir: /home/cch/work/bigbang/core/BigBang-fork-create-test/build/CMakeFiles/CMakeTmp]
  ignore line: []
  ignore line: [Run Build Command:"/usr/bin/make" "cmTC_4572c/fast"]
  ignore line: [/usr/bin/make -f CMakeFiles/cmTC_4572c.dir/build.make CMakeFiles/cmTC_4572c.dir/build]
  ignore line: [make[1]: Entering directory '/home/cch/work/bigbang/core/BigBang-fork-create-test/build/CMakeFiles/CMakeTmp']
  ignore line: [Building CXX object CMakeFiles/cmTC_4572c.dir/CMakeCXXCompilerABI.cpp.o]
  ignore line: [/usr/bin/c++      -o CMakeFiles/cmTC_4572c.dir/CMakeCXXCompilerABI.cpp.o -c /usr/share/cmake-3.5/Modules/CMakeCXXCompilerABI.cpp]
  ignore line: [Linking CXX executable cmTC_4572c]
  ignore line: [/usr/bin/cmake -E cmake_link_script CMakeFiles/cmTC_4572c.dir/link.txt --verbose=1]
  ignore line: [/usr/bin/c++       -v CMakeFiles/cmTC_4572c.dir/CMakeCXXCompilerABI.cpp.o  -o cmTC_4572c  ]
  ignore line: [Using built-in specs.]
  ignore line: [COLLECT_GCC=/usr/bin/c++]
  ignore line: [COLLECT_LTO_WRAPPER=/usr/lib/gcc/x86_64-linux-gnu/5/lto-wrapper]
  ignore line: [Target: x86_64-linux-gnu]
  ignore line: [Configured with: ../src/configure -v --with-pkgversion='Ubuntu 5.4.0-6ubuntu1~16.04.12' --with-bugurl=file:///usr/share/doc/gcc-5/README.Bugs --enable-languages=c,ada,c++,java,go,d,fortran,objc,obj-c++ --prefix=/usr --program-suffix=-5 --enable-shared --enable-linker-build-id --libexecdir=/usr/lib --without-included-gettext --enable-threads=posix --libdir=/usr/lib --enable-nls --with-sysroot=/ --enable-clocale=gnu --enable-libstdcxx-debug --enable-libstdcxx-time=yes --with-default-libstdcxx-abi=new --enable-gnu-unique-object --disable-vtable-verify --enable-libmpx --enable-plugin --with-system-zlib --disable-browser-plugin --enable-java-awt=gtk --enable-gtk-cairo --with-java-home=/usr/lib/jvm/java-1.5.0-gcj-5-amd64/jre --enable-java-home --with-jvm-root-dir=/usr/lib/jvm/java-1.5.0-gcj-5-amd64 --with-jvm-jar-dir=/usr/lib/jvm-exports/java-1.5.0-gcj-5-amd64 --with-arch-directory=amd64 --with-ecj-jar=/usr/share/java/eclipse-ecj.jar --enable-objc-gc --enable-multiarch --disable-werror --with-arch-32=i686 --with-abi=m64 --with-multilib-list=m32,m64,mx32 --enable-multilib --with-tune=generic --enable-checking=release --build=x86_64-linux-gnu --host=x86_64-linux-gnu --target=x86_64-linux-gnu]
  ignore line: [Thread model: posix]
  ignore line: [gcc version 5.4.0 20160609 (Ubuntu 5.4.0-6ubuntu1~16.04.12) ]
  ignore line: [COMPILER_PATH=/usr/lib/gcc/x86_64-linux-gnu/5/:/usr/lib/gcc/x86_64-linux-gnu/5/:/usr/lib/gcc/x86_64-linux-gnu/:/usr/lib/gcc/x86_64-linux-gnu/5/:/usr/lib/gcc/x86_64-linux-gnu/]
  ignore line: [LIBRARY_PATH=/usr/lib/gcc/x86_64-linux-gnu/5/:/usr/lib/gcc/x86_64-linux-gnu/5/../../../x86_64-linux-gnu/:/usr/lib/gcc/x86_64-linux-gnu/5/../../../../lib/:/lib/x86_64-linux-gnu/:/lib/../lib/:/usr/lib/x86_64-linux-gnu/:/usr/lib/../lib/:/usr/lib/gcc/x86_64-linux-gnu/5/../../../:/lib/:/usr/lib/]
  ignore line: [COLLECT_GCC_OPTIONS='-v' '-o' 'cmTC_4572c' '-shared-libgcc' '-mtune=generic' '-march=x86-64']
  link line: [ /usr/lib/gcc/x86_64-linux-gnu/5/collect2 -plugin /usr/lib/gcc/x86_64-linux-gnu/5/liblto_plugin.so -plugin-opt=/usr/lib/gcc/x86_64-linux-gnu/5/lto-wrapper -plugin-opt=-fresolution=/tmp/ccpOO6hu.res -plugin-opt=-pass-through=-lgcc_s -plugin-opt=-pass-through=-lgcc -plugin-opt=-pass-through=-lc -plugin-opt=-pass-through=-lgcc_s -plugin-opt=-pass-through=-lgcc --sysroot=/ --build-id --eh-frame-hdr -m elf_x86_64 --hash-style=gnu --as-needed -dynamic-linker /lib64/ld-linux-x86-64.so.2 -z relro -o cmTC_4572c /usr/lib/gcc/x86_64-linux-gnu/5/../../../x86_64-linux-gnu/crt1.o /usr/lib/gcc/x86_64-linux-gnu/5/../../../x86_64-linux-gnu/crti.o /usr/lib/gcc/x86_64-linux-gnu/5/crtbegin.o -L/usr/lib/gcc/x86_64-linux-gnu/5 -L/usr/lib/gcc/x86_64-linux-gnu/5/../../../x86_64-linux-gnu -L/usr/lib/gcc/x86_64-linux-gnu/5/../../../../lib -L/lib/x86_64-linux-gnu -L/lib/../lib -L/usr/lib/x86_64-linux-gnu -L/usr/lib/../lib -L/usr/lib/gcc/x86_64-linux-gnu/5/../../.. CMakeFiles/cmTC_4572c.dir/CMakeCXXCompilerABI.cpp.o -lstdc++ -lm -lgcc_s -lgcc -lc -lgcc_s -lgcc /usr/lib/gcc/x86_64-linux-gnu/5/crtend.o /usr/lib/gcc/x86_64-linux-gnu/5/../../../x86_64-linux-gnu/crtn.o]
    arg [/usr/lib/gcc/x86_64-linux-gnu/5/collect2] ==> ignore
    arg [-plugin] ==> ignore
    arg [/usr/lib/gcc/x86_64-linux-gnu/5/liblto_plugin.so] ==> ignore
    arg [-plugin-opt=/usr/lib/gcc/x86_64-linux-gnu/5/lto-wrapper] ==> ignore
    arg [-plugin-opt=-fresolution=/tmp/ccpOO6hu.res] ==> ignore
    arg [-plugin-opt=-pass-through=-lgcc_s] ==> ignore
    arg [-plugin-opt=-pass-through=-lgcc] ==> ignore
    arg [-plugin-opt=-pass-through=-lc] ==> ignore
    arg [-plugin-opt=-pass-through=-lgcc_s] ==> ignore
    arg [-plugin-opt=-pass-through=-lgcc] ==> ignore
    arg [--sysroot=/] ==> ignore
    arg [--build-id] ==> ignore
    arg [--eh-frame-hdr] ==> ignore
    arg [-m] ==> ignore
    arg [elf_x86_64] ==> ignore
    arg [--hash-style=gnu] ==> ignore
    arg [--as-needed] ==> ignore
    arg [-dynamic-linker] ==> ignore
    arg [/lib64/ld-linux-x86-64.so.2] ==> ignore
    arg [-zrelro] ==> ignore
    arg [-o] ==> ignore
    arg [cmTC_4572c] ==> ignore
    arg [/usr/lib/gcc/x86_64-linux-gnu/5/../../../x86_64-linux-gnu/crt1.o] ==> ignore
    arg [/usr/lib/gcc/x86_64-linux-gnu/5/../../../x86_64-linux-gnu/crti.o] ==> ignore
    arg [/usr/lib/gcc/x86_64-linux-gnu/5/crtbegin.o] ==> ignore
    arg [-L/usr/lib/gcc/x86_64-linux-gnu/5] ==> dir [/usr/lib/gcc/x86_64-linux-gnu/5]
    arg [-L/usr/lib/gcc/x86_64-linux-gnu/5/../../../x86_64-linux-gnu] ==> dir [/usr/lib/gcc/x86_64-linux-gnu/5/../../../x86_64-linux-gnu]
    arg [-L/usr/lib/gcc/x86_64-linux-gnu/5/../../../../lib] ==> dir [/usr/lib/gcc/x86_64-linux-gnu/5/../../../../lib]
    arg [-L/lib/x86_64-linux-gnu] ==> dir [/lib/x86_64-linux-gnu]
    arg [-L/lib/../lib] ==> dir [/lib/../lib]
    arg [-L/usr/lib/x86_64-linux-gnu] ==> dir [/usr/lib/x86_64-linux-gnu]
    arg [-L/usr/lib/../lib] ==> dir [/usr/lib/../lib]
    arg [-L/usr/lib/gcc/x86_64-linux-gnu/5/../../..] ==> dir [/usr/lib/gcc/x86_64-linux-gnu/5/../../..]
    arg [CMakeFiles/cmTC_4572c.dir/CMakeCXXCompilerABI.cpp.o] ==> ignore
    arg [-lstdc++] ==> lib [stdc++]
    arg [-lm] ==> lib [m]
    arg [-lgcc_s] ==> lib [gcc_s]
    arg [-lgcc] ==> lib [gcc]
    arg [-lc] ==> lib [c]
    arg [-lgcc_s] ==> lib [gcc_s]
    arg [-lgcc] ==> lib [gcc]
    arg [/usr/lib/gcc/x86_64-linux-gnu/5/crtend.o] ==> ignore
    arg [/usr/lib/gcc/x86_64-linux-gnu/5/../../../x86_64-linux-gnu/crtn.o] ==> ignore
  remove lib [gcc_s]
  remove lib [gcc]
  remove lib [gcc_s]
  remove lib [gcc]
  collapse library dir [/usr/lib/gcc/x86_64-linux-gnu/5] ==> [/usr/lib/gcc/x86_64-linux-gnu/5]
  collapse library dir [/usr/lib/gcc/x86_64-linux-gnu/5/../../../x86_64-linux-gnu] ==> [/usr/lib/x86_64-linux-gnu]
  collapse library dir [/usr/lib/gcc/x86_64-linux-gnu/5/../../../../lib] ==> [/usr/lib]
  collapse library dir [/lib/x86_64-linux-gnu] ==> [/lib/x86_64-linux-gnu]
  collapse library dir [/lib/../lib] ==> [/lib]
  collapse library dir [/usr/lib/x86_64-linux-gnu] ==> [/usr/lib/x86_64-linux-gnu]
  collapse library dir [/usr/lib/../lib] ==> [/usr/lib]
  collapse library dir [/usr/lib/gcc/x86_64-linux-gnu/5/../../..] ==> [/usr/lib]
  implicit libs: [stdc++;m;c]
  implicit dirs: [/usr/lib/gcc/x86_64-linux-gnu/5;/usr/lib/x86_64-linux-gnu;/usr/lib;/lib/x86_64-linux-gnu;/lib]
  implicit fwks: []




Detecting CXX [-std=c++14] compiler features compiled with the following output:
Change Dir: /home/cch/work/bigbang/core/BigBang-fork-create-test/build/CMakeFiles/CMakeTmp

Run Build Command:"/usr/bin/make" "cmTC_d96b7/fast"
/usr/bin/make -f CMakeFiles/cmTC_d96b7.dir/build.make CMakeFiles/cmTC_d96b7.dir/build
make[1]: Entering directory '/home/cch/work/bigbang/core/BigBang-fork-create-test/build/CMakeFiles/CMakeTmp'
Building CXX object CMakeFiles/cmTC_d96b7.dir/feature_tests.cxx.o
/usr/bin/c++     -std=c++14 -o CMakeFiles/cmTC_d96b7.dir/feature_tests.cxx.o -c /home/cch/work/bigbang/core/BigBang-fork-create-test/build/CMakeFiles/feature_tests.cxx
Linking CXX executable cmTC_d96b7
/usr/bin/cmake -E cmake_link_script CMakeFiles/cmTC_d96b7.dir/link.txt --verbose=1
/usr/bin/c++        CMakeFiles/cmTC_d96b7.dir/feature_tests.cxx.o  -o cmTC_d96b7 
make[1]: Leaving directory '/home/cch/work/bigbang/core/BigBang-fork-create-test/build/CMakeFiles/CMakeTmp'


    Feature record: CXX_FEATURE:1cxx_aggregate_default_initializers
    Feature record: CXX_FEATURE:1cxx_alias_templates
    Feature record: CXX_FEATURE:1cxx_alignas
    Feature record: CXX_FEATURE:1cxx_alignof
    Feature record: CXX_FEATURE:1cxx_attributes
    Feature record: CXX_FEATURE:1cxx_attribute_deprecated
    Feature record: CXX_FEATURE:1cxx_auto_type
    Feature record: CXX_FEATURE:1cxx_binary_literals
    Feature record: CXX_FEATURE:1cxx_constexpr
    Feature record: CXX_FEATURE:1cxx_contextual_conversions
    Feature record: CXX_FEATURE:1cxx_decltype
    Feature record: CXX_FEATURE:1cxx_decltype_auto
    Feature record: CXX_FEATURE:1cxx_decltype_incomplete_return_types
    Feature record: CXX_FEATURE:1cxx_default_function_template_args
    Feature record: CXX_FEATURE:1cxx_defaulted_functions
    Feature record: CXX_FEATURE:1cxx_defaulted_move_initializers
    Feature record: CXX_FEATURE:1cxx_delegating_constructors
    Feature record: CXX_FEATURE:1cxx_deleted_functions
    Feature record: CXX_FEATURE:1cxx_digit_separators
    Feature record: CXX_FEATURE:1cxx_enum_forward_declarations
    Feature record: CXX_FEATURE:1cxx_explicit_conversions
    Feature record: CXX_FEATURE:1cxx_extended_friend_declarations
    Feature record: CXX_FEATURE:1cxx_extern_templates
    Feature record: CXX_FEATURE:1cxx_final
    Feature record: CXX_FEATURE:1cxx_func_identifier
    Feature record: CXX_FEATURE:1cxx_generalized_initializers
    Feature record: CXX_FEATURE:1cxx_generic_lambdas
    Feature record: CXX_FEATURE:1cxx_inheriting_constructors
    Feature record: CXX_FEATURE:1cxx_inline_namespaces
    Feature record: CXX_FEATURE:1cxx_lambdas
    Feature record: CXX_FEATURE:1cxx_lambda_init_captures
    Feature record: CXX_FEATURE:1cxx_local_type_template_args
    Feature record: CXX_FEATURE:1cxx_long_long_type
    Feature record: CXX_FEATURE:1cxx_noexcept
    Feature record: CXX_FEATURE:1cxx_nonstatic_member_init
    Feature record: CXX_FEATURE:1cxx_nullptr
    Feature record: CXX_FEATURE:1cxx_override
    Feature record: CXX_FEATURE:1cxx_range_for
    Feature record: CXX_FEATURE:1cxx_raw_string_literals
    Feature record: CXX_FEATURE:1cxx_reference_qualified_functions
    Feature record: CXX_FEATURE:1cxx_relaxed_constexpr
    Feature record: CXX_FEATURE:1cxx_return_type_deduction
    Feature record: CXX_FEATURE:1cxx_right_angle_brackets
    Feature record: CXX_FEATURE:1cxx_rvalue_references
    Feature record: CXX_FEATURE:1cxx_sizeof_member
    Feature record: CXX_FEATURE:1cxx_static_assert
    Feature record: CXX_FEATURE:1cxx_strong_enums
    Feature record: CXX_FEATURE:1cxx_template_template_parameters
    Feature record: CXX_FEATURE:1cxx_thread_local
    Feature record: CXX_FEATURE:1cxx_trailing_return_types
    Feature record: CXX_FEATURE:1cxx_unicode_literals
    Feature record: CXX_FEATURE:1cxx_uniform_initialization
    Feature record: CXX_FEATURE:1cxx_unrestricted_unions
    Feature record: CXX_FEATURE:1cxx_user_literals
    Feature record: CXX_FEATURE:1cxx_variable_templates
    Feature record: CXX_FEATURE:1cxx_variadic_macros
    Feature record: CXX_FEATURE:1cxx_variadic_templates


Detecting CXX [-std=c++11] compiler features compiled with the following output:
Change Dir: /home/cch/work/bigbang/core/BigBang-fork-create-test/build/CMakeFiles/CMakeTmp

Run Build Command:"/usr/bin/make" "cmTC_93ab2/fast"
/usr/bin/make -f CMakeFiles/cmTC_93ab2.dir/build.make CMakeFiles/cmTC_93ab2.dir/build
make[1]: Entering directory '/home/cch/work/bigbang/core/BigBang-fork-create-test/build/CMakeFiles/CMakeTmp'
Building CXX object CMakeFiles/cmTC_93ab2.dir/feature_tests.cxx.o
/usr/bin/c++     -std=c++11 -o CMakeFiles/cmTC_93ab2.dir/feature_tests.cxx.o -c /home/cch/work/bigbang/core/BigBang-fork-create-test/build/CMakeFiles/feature_tests.cxx
Linking CXX executable cmTC_93ab2
/usr/bin/cmake -E cmake_link_script CMakeFiles/cmTC_93ab2.dir/link.txt --verbose=1
/usr/bin/c++        CMakeFiles/cmTC_93ab2.dir/feature_tests.cxx.o  -o cmTC_93ab2 
make[1]: Leaving directory '/home/cch/work/bigbang/core/BigBang-fork-create-test/build/CMakeFiles/CMakeTmp'


    Feature record: CXX_FEATURE:0cxx_aggregate_default_initializers
    Feature record: CXX_FEATURE:1cxx_alias_templates
    Feature record: CXX_FEATURE:1cxx_alignas
    Feature record: CXX_FEATURE:1cxx_alignof
    Feature record: CXX_FEATURE:1cxx_attributes
    Feature record: CXX_FEATURE:0cxx_attribute_deprecated
    Feature record: CXX_FEATURE:1cxx_auto_type
    Feature record: CXX_FEATURE:0cxx_binary_literals
    Feature record: CXX_FEATURE:1cxx_constexpr
    Feature record: CXX_FEATURE:0cxx_contextual_conversions
    Feature record: CXX_FEATURE:1cxx_decltype
    Feature record: CXX_FEATURE:0cxx_decltype_auto
    Feature record: CXX_FEATURE:1cxx_decltype_incomplete_return_types
    Feature record: CXX_FEATURE:1cxx_default_function_template_args
    Feature record: CXX_FEATURE:1cxx_defaulted_functions
    Feature record: CXX_FEATURE:1cxx_defaulted_move_initializers
    Feature record: CXX_FEATURE:1cxx_delegating_constructors
    Feature record: CXX_FEATURE:1cxx_deleted_functions
    Feature record: CXX_FEATURE:0cxx_digit_separators
    Feature record: CXX_FEATURE:1cxx_enum_forward_declarations
    Feature record: CXX_FEATURE:1cxx_explicit_conversions
    Feature record: CXX_FEATURE:1cxx_extended_friend_declarations
    Feature record: CXX_FEATURE:1cxx_extern_templates
    Feature record: CXX_FEATURE:1cxx_final
    Feature record: CXX_FEATURE:1cxx_func_identifier
    Feature record: CXX_FEATURE:1cxx_generalized_initializers
    Feature record: CXX_FEATURE:0cxx_generic_lambdas
    Feature record: CXX_FEATURE:1cxx_inheriting_constructors
    Feature record: CXX_FEATURE:1cxx_inline_namespaces
    Feature record: CXX_FEATURE:1cxx_lambdas
    Feature record: CXX_FEATURE:0cxx_lambda_init_captures
    Feature record: CXX_FEATURE:1cxx_local_type_template_args
    Feature record: CXX_FEATURE:1cxx_long_long_type
    Feature record: CXX_FEATURE:1cxx_noexcept
    Feature record: CXX_FEATURE:1cxx_nonstatic_member_init
    Feature record: CXX_FEATURE:1cxx_nullptr
    Feature record: CXX_FEATURE:1cxx_override
    Feature record: CXX_FEATURE:1cxx_range_for
    Feature record: CXX_FEATURE:1cxx_raw_string_literals
    Feature record: CXX_FEATURE:1cxx_reference_qualified_functions
    Feature record: CXX_FEATURE:0cxx_relaxed_constexpr
    Feature record: CXX_FEATURE:0cxx_return_type_deduction
    Feature record: CXX_FEATURE:1cxx_right_angle_brackets
    Feature record: CXX_FEATURE:1cxx_rvalue_references
    Feature record: CXX_FEATURE:1cxx_sizeof_member
    Feature record: CXX_FEATURE:1cxx_static_assert
    Feature record: CXX_FEATURE:1cxx_strong_enums
    Feature record: CXX_FEATURE:1cxx_template_template_parameters
    Feature record: CXX_FEATURE:1cxx_thread_local
    Feature record: CXX_FEATURE:1cxx_trailing_return_types
    Feature record: CXX_FEATURE:1cxx_unicode_literals
    Feature record: CXX_FEATURE:1cxx_uniform_initialization
    Feature record: CXX_FEATURE:1cxx_unrestricted_unions
    Feature record: CXX_FEATURE:1cxx_user_literals
    Feature record: CXX_FEATURE:0cxx_variable_templates
    Feature record: CXX_FEATURE:1cxx_variadic_macros
    Feature record: CXX_FEATURE:1cxx_variadic_templates


Detecting CXX [-std=c++98] compiler features compiled with the following output:
Change Dir: /home/cch/work/bigbang/core/BigBang-fork-create-test/build/CMakeFiles/CMakeTmp

Run Build Command:"/usr/bin/make" "cmTC_3232a/fast"
/usr/bin/make -f CMakeFiles/cmTC_3232a.dir/build.make CMakeFiles/cmTC_3232a.dir/build
make[1]: Entering directory '/home/cch/work/bigbang/core/BigBang-fork-create-test/build/CMakeFiles/CMakeTmp'
Building CXX object CMakeFiles/cmTC_3232a.dir/feature_tests.cxx.o
/usr/bin/c++     -std=c++98 -o CMakeFiles/cmTC_3232a.dir/feature_tests.cxx.o -c /home/cch/work/bigbang/core/BigBang-fork-create-test/build/CMakeFiles/feature_tests.cxx
Linking CXX executable cmTC_3232a
/usr/bin/cmake -E cmake_link_script CMakeFiles/cmTC_3232a.dir/link.txt --verbose=1
/usr/bin/c++        CMakeFiles/cmTC_3232a.dir/feature_tests.cxx.o  -o cmTC_3232a 
make[1]: Leaving directory '/home/cch/work/bigbang/core/BigBang-fork-create-test/build/CMakeFiles/CMakeTmp'


    Feature record: CXX_FEATURE:0cxx_aggregate_default_initializers
    Feature record: CXX_FEATURE:0cxx_alias_templates
    Feature record: CXX_FEATURE:0cxx_alignas
    Feature record: CXX_FEATURE:0cxx_alignof
    Feature record: CXX_FEATURE:0cxx_attributes
    Feature record: CXX_FEATURE:0cxx_attribute_deprecated
    Feature record: CXX_FEATURE:0cxx_auto_type
    Feature record: CXX_FEATURE:0cxx_binary_literals
    Feature record: CXX_FEATURE:0cxx_constexpr
    Feature record: CXX_FEATURE:0cxx_contextual_conversions
    Feature record: CXX_FEATURE:0cxx_decltype
    Feature record: CXX_FEATURE:0cxx_decltype_auto
    Feature record: CXX_FEATURE:0cxx_decltype_incomplete_return_types
    Feature record: CXX_FEATURE:0cxx_default_function_template_args
    Feature record: CXX_FEATURE:0cxx_defaulted_functions
    Feature record: CXX_FEATURE:0cxx_defaulted_move_initializers
    Feature record: CXX_FEATURE:0cxx_delegating_constructors
    Feature record: CXX_FEATURE:0cxx_deleted_functions
    Feature record: CXX_FEATURE:0cxx_digit_separators
    Feature record: CXX_FEATURE:0cxx_enum_forward_declarations
    Feature record: CXX_FEATURE:0cxx_explicit_conversions
    Feature record: CXX_FEATURE:0cxx_extended_friend_declarations
    Feature record: CXX_FEATURE:0cxx_extern_templates
    Feature record: CXX_FEATURE:0cxx_final
    Feature record: CXX_FEATURE:0cxx_func_identifier
    Feature record: CXX_FEATURE:0cxx_generalized_initializers
    Feature record: CXX_FEATURE:0cxx_generic_lambdas
    Feature record: CXX_FEATURE:0cxx_inheriting_constructors
    Feature record: CXX_FEATURE:0cxx_inline_namespaces
    Feature record: CXX_FEATURE:0cxx_lambdas
    Feature record: CXX_FEATURE:0cxx_lambda_init_captures
    Feature record: CXX_FEATURE:0cxx_local_type_template_args
    Feature record: CXX_FEATURE:0cxx_long_long_type
    Feature record: CXX_FEATURE:0cxx_noexcept
    Feature record: CXX_FEATURE:0cxx_nonstatic_member_init
    Feature record: CXX_FEATURE:0cxx_nullptr
    Feature record: CXX_FEATURE:0cxx_override
    Feature record: CXX_FEATURE:0cxx_range_for
    Feature record: CXX_FEATURE:0cxx_raw_string_literals
    Feature record: CXX_FEATURE:0cxx_reference_qualified_functions
    Feature record: CXX_FEATURE:0cxx_relaxed_constexpr
    Feature record: CXX_FEATURE:0cxx_return_type_deduction
    Feature record: CXX_FEATURE:0cxx_right_angle_brackets
    Feature record: CXX_FEATURE:0cxx_rvalue_references
    Feature record: CXX_FEATURE:0cxx_sizeof_member
    Feature record: CXX_FEATURE:0cxx_static_assert
    Feature record: CXX_FEATURE:0cxx_strong_enums
    Feature record: CXX_FEATURE:1cxx_template_template_parameters
    Feature record: CXX_FEATURE:0cxx_thread_local
    Feature record: CXX_FEATURE:0cxx_trailing_return_types
    Feature record: CXX_FEATURE:0cxx_unicode_literals
    Feature record: CXX_FEATURE:0cxx_uniform_initialization
    Feature record: CXX_FEATURE:0cxx_unrestricted_unions
    Feature record: CXX_FEATURE:0cxx_user_literals
    Feature record: CXX_FEATURE:0cxx_variable_templates
    Feature record: CXX_FEATURE:0cxx_variadic_macros
    Feature record: CXX_FEATURE:0cxx_variadic_templates
Determining if the include file pthread.h exists passed with the following output:
Change Dir: /home/cch/work/bigbang/core/BigBang-fork-create-test/build/CMakeFiles/CMakeTmp

Run Build Command:"/usr/bin/make" "cmTC_ffb08/fast"
/usr/bin/make -f CMakeFiles/cmTC_ffb08.dir/build.make CMakeFiles/cmTC_ffb08.dir/build
make[1]: Entering directory '/home/cch/work/bigbang/core/BigBang-fork-create-test/build/CMakeFiles/CMakeTmp'
Building C object CMakeFiles/cmTC_ffb08.dir/CheckIncludeFile.c.o
/usr/bin/cc     -o CMakeFiles/cmTC_ffb08.dir/CheckIncludeFile.c.o   -c /home/cch/work/bigbang/core/BigBang-fork-create-test/build/CMakeFiles/CMakeTmp/CheckIncludeFile.c
Linking C executable cmTC_ffb08
/usr/bin/cmake -E cmake_link_script CMakeFiles/cmTC_ffb08.dir/link.txt --verbose=1
/usr/bin/cc       CMakeFiles/cmTC_ffb08.dir/CheckIncludeFile.c.o  -o cmTC_ffb08 
make[1]: Leaving directory '/home/cch/work/bigbang/core/BigBang-fork-create-test/build/CMakeFiles/CMakeTmp'


Determining if the function pthread_create exists in the pthread passed with the following output:
Change Dir: /home/cch/work/bigbang/core/BigBang-fork-create-test/build/CMakeFiles/CMakeTmp

Run Build Command:"/usr/bin/make" "cmTC_827f8/fast"
/usr/bin/make -f CMakeFiles/cmTC_827f8.dir/build.make CMakeFiles/cmTC_827f8.dir/build
make[1]: Entering directory '/home/cch/work/bigbang/core/BigBang-fork-create-test/build/CMakeFiles/CMakeTmp'
Building C object CMakeFiles/cmTC_827f8.dir/CheckFunctionExists.c.o
/usr/bin/cc    -DCHECK_FUNCTION_EXISTS=pthread_create   -o CMakeFiles/cmTC_827f8.dir/CheckFunctionExists.c.o   -c /usr/share/cmake-3.5/Modules/CheckFunctionExists.c
Linking C executable cmTC_827f8
/usr/bin/cmake -E cmake_link_script CMakeFiles/cmTC_827f8.dir/link.txt --verbose=1
/usr/bin/cc   -DCHECK_FUNCTION_EXISTS=pthread_create    CMakeFiles/cmTC_827f8.dir/CheckFunctionExists.c.o  -o cmTC_827f8 -lpthread 
make[1]: Leaving directory '/home/cch/work/bigbang/core/BigBang-fork-create-test/build/CMakeFiles/CMakeTmp'


Determining if the include file sys/types.h exists passed with the following output:
Change Dir: /home/cch/work/bigbang/core/BigBang-fork-create-test/build/CMakeFiles/CMakeTmp

Run Build Command:"/usr/bin/make" "cmTC_5101b/fast"
/usr/bin/make -f CMakeFiles/cmTC_5101b.dir/build.make CMakeFiles/cmTC_5101b.dir/build
make[1]: Entering directory '/home/cch/work/bigbang/core/BigBang-fork-create-test/build/CMakeFiles/CMakeTmp'
Building C object CMakeFiles/cmTC_5101b.dir/CheckIncludeFile.c.o
/usr/bin/cc     -o CMakeFiles/cmTC_5101b.dir/CheckIncludeFile.c.o   -c /home/cch/work/bigbang/core/BigBang-fork-create-test/build/CMakeFiles/CMakeTmp/CheckIncludeFile.c
Linking C executable cmTC_5101b
/usr/bin/cmake -E cmake_link_script CMakeFiles/cmTC_5101b.dir/link.txt --verbose=1
/usr/bin/cc       CMakeFiles/cmTC_5101b.dir/CheckIncludeFile.c.o  -o cmTC_5101b 
make[1]: Leaving directory '/home/cch/work/bigbang/core/BigBang-fork-create-test/build/CMakeFiles/CMakeTmp'


Determining if the include file stdint.h exists passed with the following output:
Change Dir: /home/cch/work/bigbang/core/BigBang-fork-create-test/build/CMakeFiles/CMakeTmp

Run Build Command:"/usr/bin/make" "cmTC_0a667/fast"
/usr/bin/make -f CMakeFiles/cmTC_0a667.dir/build.make CMakeFiles/cmTC_0a667.dir/build
make[1]: Entering directory '/home/cch/work/bigbang/core/BigBang-fork-create-test/build/CMakeFiles/CMakeTmp'
Building C object CMakeFiles/cmTC_0a667.dir/CheckIncludeFile.c.o
/usr/bin/cc     -o CMakeFiles/cmTC_0a667.dir/CheckIncludeFile.c.o   -c /home/cch/work/bigbang/core/BigBang-fork-create-test/build/CMakeFiles/CMakeTmp/CheckIncludeFile.c
Linking C executable cmTC_0a667
/usr/bin/cmake -E cmake_link_script CMakeFiles/cmTC_0a667.dir/link.txt --verbose=1
/usr/bin/cc       CMakeFiles/cmTC_0a667.dir/CheckIncludeFile.c.o  -o cmTC_0a667 
make[1]: Leaving directory '/home/cch/work/bigbang/core/BigBang-fork-create-test/build/CMakeFiles/CMakeTmp'


Determining if the include file stddef.h exists passed with the following output:
Change Dir: /home/cch/work/bigbang/core/BigBang-fork-create-test/build/CMakeFiles/CMakeTmp

Run Build Command:"/usr/bin/make" "cmTC_3dbaf/fast"
/usr/bin/make -f CMakeFiles/cmTC_3dbaf.dir/build.make CMakeFiles/cmTC_3dbaf.dir/build
make[1]: Entering directory '/home/cch/work/bigbang/core/BigBang-fork-create-test/build/CMakeFiles/CMakeTmp'
Building C object CMakeFiles/cmTC_3dbaf.dir/CheckIncludeFile.c.o
/usr/bin/cc     -o CMakeFiles/cmTC_3dbaf.dir/CheckIncludeFile.c.o   -c /home/cch/work/bigbang/core/BigBang-fork-create-test/build/CMakeFiles/CMakeTmp/CheckIncludeFile.c
Linking C executable cmTC_3dbaf
/usr/bin/cmake -E cmake_link_script CMakeFiles/cmTC_3dbaf.dir/link.txt --verbose=1
/usr/bin/cc       CMakeFiles/cmTC_3dbaf.dir/CheckIncludeFile.c.o  -o cmTC_3dbaf 
make[1]: Leaving directory '/home/cch/work/bigbang/core/BigBang-fork-create-test/build/CMakeFiles/CMakeTmp'


Determining size of unsigned short passed with the following output:
Change Dir: /home/cch/work/bigbang/core/BigBang-fork-create-test/build/CMakeFiles/CMakeTmp

Run Build Command:"/usr/bin/make" "cmTC_211cf/fast"
/usr/bin/make -f CMakeFiles/cmTC_211cf.dir/build.make CMakeFiles/cmTC_211cf.dir/build
make[1]: Entering directory '/home/cch/work/bigbang/core/BigBang-fork-create-test/build/CMakeFiles/CMakeTmp'
Building C object CMakeFiles/cmTC_211cf.dir/CMAKE_SIZEOF_UNSIGNED_SHORT.c.o
/usr/bin/cc     -o CMakeFiles/cmTC_211cf.dir/CMAKE_SIZEOF_UNSIGNED_SHORT.c.o   -c /home/cch/work/bigbang/core/BigBang-fork-create-test/build/CMakeFiles/CheckTypeSize/CMAKE_SIZEOF_UNSIGNED_SHORT.c
Linking C executable cmTC_211cf
/usr/bin/cmake -E cmake_link_script CMakeFiles/cmTC_211cf.dir/link.txt --verbose=1
/usr/bin/cc       CMakeFiles/cmTC_211cf.dir/CMAKE_SIZEOF_UNSIGNED_SHORT.c.o  -o cmTC_211cf 
make[1]: Leaving directory '/home/cch/work/bigbang/core/BigBang-fork-create-test/build/CMakeFiles/CMakeTmp'


Determining if the include file unistd.h exists passed with the following output:
Change Dir: /home/cch/work/bigbang/core/BigBang-fork-create-test/build/CMakeFiles/CMakeTmp

Run Build Command:"/usr/bin/make" "cmTC_ad7a0/fast"
/usr/bin/make -f CMakeFiles/cmTC_ad7a0.dir/build.make CMakeFiles/cmTC_ad7a0.dir/build
make[1]: Entering directory '/home/cch/work/bigbang/core/BigBang-fork-create-test/build/CMakeFiles/CMakeTmp'
Building C object CMakeFiles/cmTC_ad7a0.dir/CheckIncludeFile.c.o
/usr/bin/cc     -o CMakeFiles/cmTC_ad7a0.dir/CheckIncludeFile.c.o   -c /home/cch/work/bigbang/core/BigBang-fork-create-test/build/CMakeFiles/CMakeTmp/CheckIncludeFile.c
Linking C executable cmTC_ad7a0
/usr/bin/cmake -E cmake_link_script CMakeFiles/cmTC_ad7a0.dir/link.txt --verbose=1
/usr/bin/cc       CMakeFiles/cmTC_ad7a0.dir/CheckIncludeFile.c.o  -o cmTC_ad7a0 
make[1]: Leaving directory '/home/cch/work/bigbang/core/BigBang-fork-create-test/build/CMakeFiles/CMakeTmp'


Determining if the fdatasync exist passed with the following output:
Change Dir: /home/cch/work/bigbang/core/BigBang-fork-create-test/build/CMakeFiles/CMakeTmp

Run Build Command:"/usr/bin/make" "cmTC_54bab/fast"
/usr/bin/make -f CMakeFiles/cmTC_54bab.dir/build.make CMakeFiles/cmTC_54bab.dir/build
make[1]: Entering directory '/home/cch/work/bigbang/core/BigBang-fork-create-test/build/CMakeFiles/CMakeTmp'
Building C object CMakeFiles/cmTC_54bab.dir/CheckSymbolExists.c.o
/usr/bin/cc     -o CMakeFiles/cmTC_54bab.dir/CheckSymbolExists.c.o   -c /home/cch/work/bigbang/core/BigBang-fork-create-test/build/CMakeFiles/CMakeTmp/CheckSymbolExists.c
Linking C executable cmTC_54bab
/usr/bin/cmake -E cmake_link_script CMakeFiles/cmTC_54bab.dir/link.txt --verbose=1
/usr/bin/cc       CMakeFiles/cmTC_54bab.dir/CheckSymbolExists.c.o  -o cmTC_54bab 
make[1]: Leaving directory '/home/cch/work/bigbang/core/BigBang-fork-create-test/build/CMakeFiles/CMakeTmp'

File /home/cch/work/bigbang/core/BigBang-fork-create-test/build/CMakeFiles/CMakeTmp/CheckSymbolExists.c:
/* */
#include <unistd.h>

int main(int argc, char** argv)
{
  (void)argv;
#ifndef fdatasync
  return ((int*)(&fdatasync))[argc];
#else
  (void)argc;
  return 0;
#endif
}

Performing C++ SOURCE FILE Test HAVE_CXX17_HAS_INCLUDE succeeded with the following output:
Change Dir: /home/cch/work/bigbang/core/BigBang-fork-create-test/build/CMakeFiles/CMakeTmp

Run Build Command:"/usr/bin/make" "cmTC_78262/fast"
/usr/bin/make -f CMakeFiles/cmTC_78262.dir/build.make CMakeFiles/cmTC_78262.dir/build
make[1]: Entering directory '/home/cch/work/bigbang/core/BigBang-fork-create-test/build/CMakeFiles/CMakeTmp'
Building CXX object CMakeFiles/cmTC_78262.dir/src.cxx.o
/usr/bin/c++     -O2 -Wall -Wextra -Werror -Wno-char-subscripts -Wno-unused-parameter -Wno-sign-compare -Wno-reorder -Wno-unused-local-typedefs -Wno-implicit-fallthrough -Wno-overloaded-virtual -Wno-strict-aliasing -lrt -DHAVE_CXX17_HAS_INCLUDE   -o CMakeFiles/cmTC_78262.dir/src.cxx.o -c /home/cch/work/bigbang/core/BigBang-fork-create-test/build/CMakeFiles/CMakeTmp/src.cxx
Linking CXX executable cmTC_78262
/usr/bin/cmake -E cmake_link_script CMakeFiles/cmTC_78262.dir/link.txt --verbose=1
/usr/bin/c++    -O2 -Wall -Wextra -Werror -Wno-char-subscripts -Wno-unused-parameter -Wno-sign-compare -Wno-reorder -Wno-unused-local-typedefs -Wno-implicit-fallthrough -Wno-overloaded-virtual -Wno-strict-aliasing -lrt -DHAVE_CXX17_HAS_INCLUDE    CMakeFiles/cmTC_78262.dir/src.cxx.o  -o cmTC_78262 
make[1]: Leaving directory '/home/cch/work/bigbang/core/BigBang-fork-create-test/build/CMakeFiles/CMakeTmp'

Source file was:

#if defined(__has_include) &&  __has_include(<string>)
#include <string>
#endif
int main() { std::string str; return 0; }

Determining if the include file byteswap.h exists passed with the following output:
Change Dir: /home/cch/work/bigbang/core/BigBang-fork-create-test/build/CMakeFiles/CMakeTmp

Run Build Command:"/usr/bin/make" "cmTC_4f592/fast"
/usr/bin/make -f CMakeFiles/cmTC_4f592.dir/build.make CMakeFiles/cmTC_4f592.dir/build
make[1]: Entering directory '/home/cch/work/bigbang/core/BigBang-fork-create-test/build/CMakeFiles/CMakeTmp'
Building C object CMakeFiles/cmTC_4f592.dir/CheckIncludeFile.c.o
/usr/bin/cc     -o CMakeFiles/cmTC_4f592.dir/CheckIncludeFile.c.o   -c /home/cch/work/bigbang/core/BigBang-fork-create-test/build/CMakeFiles/CMakeTmp/CheckIncludeFile.c
Linking C executable cmTC_4f592
/usr/bin/cmake -E cmake_link_script CMakeFiles/cmTC_4f592.dir/link.txt --verbose=1
/usr/bin/cc       CMakeFiles/cmTC_4f592.dir/CheckIncludeFile.c.o  -o cmTC_4f592 -rdynamic 
make[1]: Leaving directory '/home/cch/work/bigbang/core/BigBang-fork-create-test/build/CMakeFiles/CMakeTmp'


Determining if the include file sys/mman.h exists passed with the following output:
Change Dir: /home/cch/work/bigbang/core/BigBang-fork-create-test/build/CMakeFiles/CMakeTmp

Run Build Command:"/usr/bin/make" "cmTC_747ca/fast"
/usr/bin/make -f CMakeFiles/cmTC_747ca.dir/build.make CMakeFiles/cmTC_747ca.dir/build
make[1]: Entering directory '/home/cch/work/bigbang/core/BigBang-fork-create-test/build/CMakeFiles/CMakeTmp'
Building C object CMakeFiles/cmTC_747ca.dir/CheckIncludeFile.c.o
/usr/bin/cc     -o CMakeFiles/cmTC_747ca.dir/CheckIncludeFile.c.o   -c /home/cch/work/bigbang/core/BigBang-fork-create-test/build/CMakeFiles/CMakeTmp/CheckIncludeFile.c
Linking C executable cmTC_747ca
/usr/bin/cmake -E cmake_link_script CMakeFiles/cmTC_747ca.dir/link.txt --verbose=1
/usr/bin/cc       CMakeFiles/cmTC_747ca.dir/CheckIncludeFile.c.o  -o cmTC_747ca -rdynamic 
make[1]: Leaving directory '/home/cch/work/bigbang/core/BigBang-fork-create-test/build/CMakeFiles/CMakeTmp'


Determining if the include file sys/resource.h exists passed with the following output:
Change Dir: /home/cch/work/bigbang/core/BigBang-fork-create-test/build/CMakeFiles/CMakeTmp

Run Build Command:"/usr/bin/make" "cmTC_a66ff/fast"
/usr/bin/make -f CMakeFiles/cmTC_a66ff.dir/build.make CMakeFiles/cmTC_a66ff.dir/build
make[1]: Entering directory '/home/cch/work/bigbang/core/BigBang-fork-create-test/build/CMakeFiles/CMakeTmp'
Building C object CMakeFiles/cmTC_a66ff.dir/CheckIncludeFile.c.o
/usr/bin/cc     -o CMakeFiles/cmTC_a66ff.dir/CheckIncludeFile.c.o   -c /home/cch/work/bigbang/core/BigBang-fork-create-test/build/CMakeFiles/CMakeTmp/CheckIncludeFile.c
Linking C executable cmTC_a66ff
/usr/bin/cmake -E cmake_link_script CMakeFiles/cmTC_a66ff.dir/link.txt --verbose=1
/usr/bin/cc       CMakeFiles/cmTC_a66ff.dir/CheckIncludeFile.c.o  -o cmTC_a66ff -rdynamic 
make[1]: Leaving directory '/home/cch/work/bigbang/core/BigBang-fork-create-test/build/CMakeFiles/CMakeTmp'


Determining if the include file sys/time.h exists passed with the following output:
Change Dir: /home/cch/work/bigbang/core/BigBang-fork-create-test/build/CMakeFiles/CMakeTmp

Run Build Command:"/usr/bin/make" "cmTC_fc720/fast"
/usr/bin/make -f CMakeFiles/cmTC_fc720.dir/build.make CMakeFiles/cmTC_fc720.dir/build
make[1]: Entering directory '/home/cch/work/bigbang/core/BigBang-fork-create-test/build/CMakeFiles/CMakeTmp'
Building C object CMakeFiles/cmTC_fc720.dir/CheckIncludeFile.c.o
/usr/bin/cc     -o CMakeFiles/cmTC_fc720.dir/CheckIncludeFile.c.o   -c /home/cch/work/bigbang/core/BigBang-fork-create-test/build/CMakeFiles/CMakeTmp/CheckIncludeFile.c
Linking C executable cmTC_fc720
/usr/bin/cmake -E cmake_link_script CMakeFiles/cmTC_fc720.dir/link.txt --verbose=1
/usr/bin/cc       CMakeFiles/cmTC_fc720.dir/CheckIncludeFile.c.o  -o cmTC_fc720 -rdynamic 
make[1]: Leaving directory '/home/cch/work/bigbang/core/BigBang-fork-create-test/build/CMakeFiles/CMakeTmp'


Determining if the include file sys/uio.h exists passed with the following output:
Change Dir: /home/cch/work/bigbang/core/BigBang-fork-create-test/build/CMakeFiles/CMakeTmp

Run Build Command:"/usr/bin/make" "cmTC_06adf/fast"
/usr/bin/make -f CMakeFiles/cmTC_06adf.dir/build.make CMakeFiles/cmTC_06adf.dir/build
make[1]: Entering directory '/home/cch/work/bigbang/core/BigBang-fork-create-test/build/CMakeFiles/CMakeTmp'
Building C object CMakeFiles/cmTC_06adf.dir/CheckIncludeFile.c.o
/usr/bin/cc     -o CMakeFiles/cmTC_06adf.dir/CheckIncludeFile.c.o   -c /home/cch/work/bigbang/core/BigBang-fork-create-test/build/CMakeFiles/CMakeTmp/CheckIncludeFile.c
Linking C executable cmTC_06adf
/usr/bin/cmake -E cmake_link_script CMakeFiles/cmTC_06adf.dir/link.txt --verbose=1
/usr/bin/cc       CMakeFiles/cmTC_06adf.dir/CheckIncludeFile.c.o  -o cmTC_06adf -rdynamic 
make[1]: Leaving directory '/home/cch/work/bigbang/core/BigBang-fork-create-test/build/CMakeFiles/CMakeTmp'


Determining if the function zlibVersion exists in the z passed with the following output:
Change Dir: /home/cch/work/bigbang/core/BigBang-fork-create-test/build/CMakeFiles/CMakeTmp

Run Build Command:"/usr/bin/make" "cmTC_bd19c/fast"
/usr/bin/make -f CMakeFiles/cmTC_bd19c.dir/build.make CMakeFiles/cmTC_bd19c.dir/build
make[1]: Entering directory '/home/cch/work/bigbang/core/BigBang-fork-create-test/build/CMakeFiles/CMakeTmp'
Building C object CMakeFiles/cmTC_bd19c.dir/CheckFunctionExists.c.o
/usr/bin/cc    -DCHECK_FUNCTION_EXISTS=zlibVersion   -o CMakeFiles/cmTC_bd19c.dir/CheckFunctionExists.c.o   -c /usr/share/cmake-3.5/Modules/CheckFunctionExists.c
Linking C executable cmTC_bd19c
/usr/bin/cmake -E cmake_link_script CMakeFiles/cmTC_bd19c.dir/link.txt --verbose=1
/usr/bin/cc   -DCHECK_FUNCTION_EXISTS=zlibVersion    CMakeFiles/cmTC_bd19c.dir/CheckFunctionExists.c.o  -o cmTC_bd19c -rdynamic -lz 
make[1]: Leaving directory '/home/cch/work/bigbang/core/BigBang-fork-create-test/build/CMakeFiles/CMakeTmp'


Performing C++ SOURCE FILE Test HAVE_BUILTIN_EXPECT succeeded with the following output:
Change Dir: /home/cch/work/bigbang/core/BigBang-fork-create-test/build/CMakeFiles/CMakeTmp

Run Build Command:"/usr/bin/make" "cmTC_1e5ad/fast"
/usr/bin/make -f CMakeFiles/cmTC_1e5ad.dir/build.make CMakeFiles/cmTC_1e5ad.dir/build
make[1]: Entering directory '/home/cch/work/bigbang/core/BigBang-fork-create-test/build/CMakeFiles/CMakeTmp'
Building CXX object CMakeFiles/cmTC_1e5ad.dir/src.cxx.o
/usr/bin/c++     -O2 -Wall -Wextra -Werror -Wno-char-subscripts -Wno-unused-parameter -Wno-sign-compare -Wno-reorder -Wno-unused-local-typedefs -Wno-implicit-fallthrough -Wno-overloaded-virtual -Wno-strict-aliasing -lrt -DHAVE_BUILTIN_EXPECT   -o CMakeFiles/cmTC_1e5ad.dir/src.cxx.o -c /home/cch/work/bigbang/core/BigBang-fork-create-test/build/CMakeFiles/CMakeTmp/src.cxx
Linking CXX executable cmTC_1e5ad
/usr/bin/cmake -E cmake_link_script CMakeFiles/cmTC_1e5ad.dir/link.txt --verbose=1
/usr/bin/c++    -O2 -Wall -Wextra -Werror -Wno-char-subscripts -Wno-unused-parameter -Wno-sign-compare -Wno-reorder -Wno-unused-local-typedefs -Wno-implicit-fallthrough -Wno-overloaded-virtual -Wno-strict-aliasing -lrt -DHAVE_BUILTIN_EXPECT    CMakeFiles/cmTC_1e5ad.dir/src.cxx.o  -o cmTC_1e5ad -rdynamic 
make[1]: Leaving directory '/home/cch/work/bigbang/core/BigBang-fork-create-test/build/CMakeFiles/CMakeTmp'

Source file was:
int main(void) { return __builtin_expect(0, 1); }
Performing C++ SOURCE FILE Test HAVE_BUILTIN_CTZ succeeded with the following output:
Change Dir: /home/cch/work/bigbang/core/BigBang-fork-create-test/build/CMakeFiles/CMakeTmp

Run Build Command:"/usr/bin/make" "cmTC_575d1/fast"
/usr/bin/make -f CMakeFiles/cmTC_575d1.dir/build.make CMakeFiles/cmTC_575d1.dir/build
make[1]: Entering directory '/home/cch/work/bigbang/core/BigBang-fork-create-test/build/CMakeFiles/CMakeTmp'
Building CXX object CMakeFiles/cmTC_575d1.dir/src.cxx.o
/usr/bin/c++     -O2 -Wall -Wextra -Werror -Wno-char-subscripts -Wno-unused-parameter -Wno-sign-compare -Wno-reorder -Wno-unused-local-typedefs -Wno-implicit-fallthrough -Wno-overloaded-virtual -Wno-strict-aliasing -lrt -DHAVE_BUILTIN_CTZ   -o CMakeFiles/cmTC_575d1.dir/src.cxx.o -c /home/cch/work/bigbang/core/BigBang-fork-create-test/build/CMakeFiles/CMakeTmp/src.cxx
Linking CXX executable cmTC_575d1
/usr/bin/cmake -E cmake_link_script CMakeFiles/cmTC_575d1.dir/link.txt --verbose=1
/usr/bin/c++    -O2 -Wall -Wextra -Werror -Wno-char-subscripts -Wno-unused-parameter -Wno-sign-compare -Wno-reorder -Wno-unused-local-typedefs -Wno-implicit-fallthrough -Wno-overloaded-virtual -Wno-strict-aliasing -lrt -DHAVE_BUILTIN_CTZ    CMakeFiles/cmTC_575d1.dir/src.cxx.o  -o cmTC_575d1 -rdynamic 
make[1]: Leaving directory '/home/cch/work/bigbang/core/BigBang-fork-create-test/build/CMakeFiles/CMakeTmp'

Source file was:
int main(void) { return __builtin_ctzll(0); }
Determining if the mmap exist passed with the following output:
Change Dir: /home/cch/work/bigbang/core/BigBang-fork-create-test/build/CMakeFiles/CMakeTmp

Run Build Command:"/usr/bin/make" "cmTC_c7673/fast"
/usr/bin/make -f CMakeFiles/cmTC_c7673.dir/build.make CMakeFiles/cmTC_c7673.dir/build
make[1]: Entering directory '/home/cch/work/bigbang/core/BigBang-fork-create-test/build/CMakeFiles/CMakeTmp'
Building C object CMakeFiles/cmTC_c7673.dir/CheckSymbolExists.c.o
/usr/bin/cc     -o CMakeFiles/cmTC_c7673.dir/CheckSymbolExists.c.o   -c /home/cch/work/bigbang/core/BigBang-fork-create-test/build/CMakeFiles/CMakeTmp/CheckSymbolExists.c
Linking C executable cmTC_c7673
/usr/bin/cmake -E cmake_link_script CMakeFiles/cmTC_c7673.dir/link.txt --verbose=1
/usr/bin/cc       CMakeFiles/cmTC_c7673.dir/CheckSymbolExists.c.o  -o cmTC_c7673 -rdynamic 
make[1]: Leaving directory '/home/cch/work/bigbang/core/BigBang-fork-create-test/build/CMakeFiles/CMakeTmp'

File /home/cch/work/bigbang/core/BigBang-fork-create-test/build/CMakeFiles/CMakeTmp/CheckSymbolExists.c:
/* */
#include <sys/mman.h>

int main(int argc, char** argv)
{
  (void)argv;
#ifndef mmap
  return ((int*)(&mmap))[argc];
#else
  (void)argc;
  return 0;
#endif
}

Determining if the sysconf exist passed with the following output:
Change Dir: /home/cch/work/bigbang/core/BigBang-fork-create-test/build/CMakeFiles/CMakeTmp

Run Build Command:"/usr/bin/make" "cmTC_92b81/fast"
/usr/bin/make -f CMakeFiles/cmTC_92b81.dir/build.make CMakeFiles/cmTC_92b81.dir/build
make[1]: Entering directory '/home/cch/work/bigbang/core/BigBang-fork-create-test/build/CMakeFiles/CMakeTmp'
Building C object CMakeFiles/cmTC_92b81.dir/CheckSymbolExists.c.o
/usr/bin/cc     -o CMakeFiles/cmTC_92b81.dir/CheckSymbolExists.c.o   -c /home/cch/work/bigbang/core/BigBang-fork-create-test/build/CMakeFiles/CMakeTmp/CheckSymbolExists.c
Linking C executable cmTC_92b81
/usr/bin/cmake -E cmake_link_script CMakeFiles/cmTC_92b81.dir/link.txt --verbose=1
/usr/bin/cc       CMakeFiles/cmTC_92b81.dir/CheckSymbolExists.c.o  -o cmTC_92b81 -rdynamic 
make[1]: Leaving directory '/home/cch/work/bigbang/core/BigBang-fork-create-test/build/CMakeFiles/CMakeTmp'

File /home/cch/work/bigbang/core/BigBang-fork-create-test/build/CMakeFiles/CMakeTmp/CheckSymbolExists.c:
/* */
#include <unistd.h>

int main(int argc, char** argv)
{
  (void)argv;
#ifndef sysconf
  return ((int*)(&sysconf))[argc];
#else
  (void)argc;
  return 0;
#endif
}

